#
# There is insufficient memory for the Java Runtime Environment to continue.
# Native memory allocation (malloc) failed to allocate 481728 bytes for Chunk::new
# Possible reasons:
#   The system is out of physical RAM or swap space
#   In 32 bit mode, the process size limit was hit
# Possible solutions:
#   Reduce memory load on the system
#   Increase physical memory or swap space
#   Check if swap backing store is full
#   Use 64 bit Java on a 64 bit OS
#   Decrease Java heap size (-Xmx/-Xms)
#   Decrease number of Java threads
#   Decrease Java thread stack sizes (-Xss)
#   Set larger code cache with -XX:ReservedCodeCacheSize=
# This output file may be truncated or incomplete.
#
#  Out of Memory Error (allocation.cpp:390), pid=72176, tid=0x0000000000012a18
#
# JRE version: Java(TM) SE Runtime Environment (8.0_181-b13) (build 1.8.0_181-b13)
# Java VM: Java HotSpot(TM) 64-Bit Server VM (25.181-b13 mixed mode windows-amd64 compressed oops)
# Failed to write core dump. Minidumps are not enabled by default on client versions of Windows
#

---------------  T H R E A D  ---------------

Current thread (0x000000001c6f6000):  JavaThread "C2 CompilerThread0" daemon [_thread_in_native, id=76312, stack(0x000000001dd40000,0x000000001de40000)]

Stack: [0x000000001dd40000,0x000000001de40000]
[error occurred during error reporting (printing stack bounds), id 0xc0000005]

Native frames: (J=compiled Java code, j=interpreted, Vv=VM code, C=native code)


Current CompileTask:
C2:   3209  830   !   4       java.net.URL::<init> (543 bytes)


---------------  P R O C E S S  ---------------

Java Threads: ( => current thread )
  0x000000001f0cf000 JavaThread "background-preinit" [_thread_in_vm, id=48656, stack(0x0000000020390000,0x0000000020490000)]
  0x000000001c74d000 JavaThread "Service Thread" daemon [_thread_blocked, id=49020, stack(0x000000001e440000,0x000000001e540000)]
  0x000000001c723000 JavaThread "C1 CompilerThread2" daemon [_thread_blocked, id=70844, stack(0x000000001df40000,0x000000001e040000)]
  0x000000001c6f9000 JavaThread "C2 CompilerThread1" daemon [_thread_in_native, id=75328, stack(0x000000001de40000,0x000000001df40000)]
=>0x000000001c6f6000 JavaThread "C2 CompilerThread0" daemon [_thread_in_native, id=76312, stack(0x000000001dd40000,0x000000001de40000)]
  0x000000001c708000 JavaThread "Attach Listener" daemon [_thread_blocked, id=68860, stack(0x000000001dc40000,0x000000001dd40000)]
  0x000000001c706800 JavaThread "Signal Dispatcher" daemon [_thread_blocked, id=67532, stack(0x000000001db40000,0x000000001dc40000)]
  0x000000001c6dc000 JavaThread "Finalizer" daemon [_thread_blocked, id=60876, stack(0x000000001d950000,0x000000001da50000)]
  0x000000001c6b9800 JavaThread "Reference Handler" daemon [_thread_blocked, id=75364, stack(0x000000001d850000,0x000000001d950000)]
  0x000000000159e800 JavaThread "main" [_thread_in_vm, id=38376, stack(0x0000000002ed0000,0x0000000002fd0000)]

Other Threads:
  0x000000001c6b7000 VMThread [stack: 0x000000001d750000,0x000000001d850000] [id=31556]
  0x000000001c74e800 WatcherThread [stack: 0x000000001e540000,0x000000001e640000] [id=75072]

VM state:not at safepoint (normal execution)

VM Mutex/Monitor currently owned by a thread: None

Heap:
 PSYoungGen      total 76288K, used 59635K [0x000000076b400000, 0x0000000770900000, 0x00000007c0000000)
  eden space 65536K, 90% used [0x000000076b400000,0x000000076ee3cce8,0x000000076f400000)
  from space 10752K, 0% used [0x000000076fe80000,0x000000076fe80000,0x0000000770900000)
  to   space 10752K, 0% used [0x000000076f400000,0x000000076f400000,0x000000076fe80000)
 ParOldGen       total 175104K, used 0K [0x00000006c1c00000, 0x00000006cc700000, 0x000000076b400000)
  object space 175104K, 0% used [0x00000006c1c00000,0x00000006c1c00000,0x00000006cc700000)
 Metaspace       used 8818K, capacity 8924K, committed 9088K, reserved 1056768K
  class space    used 1052K, capacity 1076K, committed 1152K, reserved 1048576K

Card table byte_map: [0x0000000012490000,0x0000000012c90000] byte_map_base: 0x000000000ee82000

Marking Bits: (ParMarkBitMap*) 0x0000000065ee2d00
 Begin Bits: [0x00000000135e0000, 0x0000000017570000)
 End Bits:   [0x0000000017570000, 0x000000001b500000)

Polling page: 0x0000000001540000

CodeCache: size=245760Kb used=3415Kb max_used=3415Kb free=242344Kb
 bounds [0x00000000030d0000, 0x0000000003430000, 0x00000000120d0000]
 total_blobs=1139 nmethods=856 adapters=195
 compilation: enabled

Compilation events (10 events):
Event: 3.169 Thread 0x000000001c723000 nmethod 852 0x0000000003421a50 code [0x0000000003421be0, 0x0000000003421f98]
Event: 3.169 Thread 0x000000001c723000  853       3       java.lang.ThreadLocal$ThreadLocalMap::access$000 (6 bytes)
Event: 3.169 Thread 0x000000001c723000 nmethod 853 0x000000000341fe10 code [0x000000000341ff80, 0x00000000034200e8]
Event: 3.169 Thread 0x000000001c723000  854       3       java.lang.ThreadLocal$ThreadLocalMap::getEntry (42 bytes)
Event: 3.169 Thread 0x000000001c723000 nmethod 854 0x0000000003421490 code [0x0000000003421600, 0x0000000003421908]
Event: 3.189 Thread 0x000000001c723000  855       3       sun.misc.URLClassPath$1::next (63 bytes)
Event: 3.190 Thread 0x000000001c723000 nmethod 855 0x0000000003420cd0 code [0x0000000003420e60, 0x0000000003421298]
Event: 3.200 Thread 0x000000001c723000  857       3       java.util.Properties$LineReader::readLine (468 bytes)
Event: 3.202 Thread 0x000000001c6f9000  858       4       java.lang.String::regionMatches (149 bytes)
Event: 3.202 Thread 0x000000001c723000 nmethod 857 0x0000000003426fd0 code [0x0000000003427280, 0x0000000003428c68]

GC Heap History (0 events):
No events

Deoptimization events (10 events):
Event: 2.850 Thread 0x000000000159e800 Uncommon trap: reason=class_check action=maybe_recompile pc=0x00000000033bd2b0 method=java.util.regex.Pattern$GroupTail.match(Ljava/util/regex/Matcher;ILjava/lang/CharSequence;)Z @ 70
Event: 2.850 Thread 0x000000000159e800 Uncommon trap: reason=bimorphic action=maybe_recompile pc=0x00000000033b5194 method=java.util.regex.Pattern$BmpCharProperty.match(Ljava/util/regex/Matcher;ILjava/lang/CharSequence;)Z @ 16
Event: 2.850 Thread 0x000000000159e800 Uncommon trap: reason=bimorphic action=maybe_recompile pc=0x00000000033b925c method=java.util.regex.Pattern$CharProperty.match(Ljava/util/regex/Matcher;ILjava/lang/CharSequence;)Z @ 18
Event: 2.850 Thread 0x000000000159e800 Uncommon trap: reason=class_check action=maybe_recompile pc=0x00000000033bd2b0 method=java.util.regex.Pattern$GroupTail.match(Ljava/util/regex/Matcher;ILjava/lang/CharSequence;)Z @ 70
Event: 2.850 Thread 0x000000000159e800 Uncommon trap: reason=unstable_if action=reinterpret pc=0x00000000033bff34 method=java.util.regex.Pattern$Start.match(Ljava/util/regex/Matcher;ILjava/lang/CharSequence;)Z @ 10
Event: 2.852 Thread 0x000000000159e800 Uncommon trap: reason=bimorphic action=maybe_recompile pc=0x00000000033b925c method=java.util.regex.Pattern$CharProperty.match(Ljava/util/regex/Matcher;ILjava/lang/CharSequence;)Z @ 18
Event: 2.852 Thread 0x000000000159e800 Uncommon trap: reason=bimorphic action=maybe_recompile pc=0x00000000033b925c method=java.util.regex.Pattern$CharProperty.match(Ljava/util/regex/Matcher;ILjava/lang/CharSequence;)Z @ 18
Event: 2.984 Thread 0x000000000159e800 Uncommon trap: reason=unstable_if action=reinterpret pc=0x00000000033b4a4c method=java.util.regex.Pattern$7.isSatisfiedBy(I)Z @ 8
Event: 3.200 Thread 0x000000001f0cf000 Uncommon trap: reason=unstable_if action=reinterpret pc=0x000000000336c108 method=java.util.Properties$LineReader.readLine()I @ 252
Event: 3.200 Thread 0x000000001f0cf000 Uncommon trap: reason=unstable_if action=reinterpret pc=0x0000000003331ccc method=java.util.Properties$LineReader.readLine()I @ 252

Classes redefined (0 events):
No events

Internal exceptions (10 events):
Event: 1.624 Thread 0x000000000159e800 Exception <a 'java/lang/ArrayIndexOutOfBoundsException'> (0x000000076c346eb8) thrown at [C:\re\workspace\8-2-build-windows-amd64-cygwin\jdk8u181\11358\hotspot\src\share\vm\runtime\sharedRuntime.cpp, line 605]
Event: 1.626 Thread 0x000000000159e800 Exception <a 'java/lang/ArrayIndexOutOfBoundsException'> (0x000000076c357148) thrown at [C:\re\workspace\8-2-build-windows-amd64-cygwin\jdk8u181\11358\hotspot\src\share\vm\runtime\sharedRuntime.cpp, line 605]
Event: 1.629 Thread 0x000000000159e800 Exception <a 'java/lang/ArrayIndexOutOfBoundsException'> (0x000000076c367c20) thrown at [C:\re\workspace\8-2-build-windows-amd64-cygwin\jdk8u181\11358\hotspot\src\share\vm\runtime\sharedRuntime.cpp, line 605]
Event: 1.665 Thread 0x000000000159e800 Exception <a 'java/lang/ArrayIndexOutOfBoundsException'> (0x000000076c46abe0) thrown at [C:\re\workspace\8-2-build-windows-amd64-cygwin\jdk8u181\11358\hotspot\src\share\vm\runtime\sharedRuntime.cpp, line 605]
Event: 1.861 Thread 0x000000000159e800 Exception <a 'java/io/FileNotFoundException'> (0x000000076cad25d8) thrown at [C:\re\workspace\8-2-build-windows-amd64-cygwin\jdk8u181\11358\hotspot\src\share\vm\prims\jni.cpp, line 709]
Event: 2.958 Thread 0x000000000159e800 Exception <a 'java/lang/ClassNotFoundException': java/lang/ObjectCustomizer> (0x000000076de8d130) thrown at [C:\re\workspace\8-2-build-windows-amd64-cygwin\jdk8u181\11358\hotspot\src\share\vm\classfile\systemDictionary.cpp, line 210]
Event: 2.963 Thread 0x000000000159e800 Exception <a 'java/lang/ClassNotFoundException': org/springframework/boot/SpringApplicationCustomizer> (0x000000076deb5418) thrown at [C:\re\workspace\8-2-build-windows-amd64-cygwin\jdk8u181\11358\hotspot\src\share\vm\classfile\systemDictionary.cpp, line 
Event: 3.177 Thread 0x000000001f0cf000 Exception <a 'java/lang/OutOfMemoryError'> (0x000000076eaa28c8) thrown at [C:\re\workspace\8-2-build-windows-amd64-cygwin\jdk8u181\11358\hotspot\src\share\vm\prims\jni.cpp, line 735]
Event: 3.177 Thread 0x000000001f0cf000 Exception <a 'java/lang/OutOfMemoryError'> (0x000000076eaa28c8) thrown at [C:\re\workspace\8-2-build-windows-amd64-cygwin\jdk8u181\11358\hotspot\src\share\vm\prims\jvm.cpp, line 1439]
Event: 3.177 Thread 0x000000001f0cf000 Exception <a 'java/lang/OutOfMemoryError'> (0x000000076eaa28c8) thrown at [C:\re\workspace\8-2-build-windows-amd64-cygwin\jdk8u181\11358\hotspot\src\share\vm\prims\jvm.cpp, line 1439]

Events (10 events):
Event: 3.201 loading class org/apache/catalina/mbeans/LocalStrings_en
Event: 3.201 loading class org/apache/catalina/mbeans/LocalStrings_en done
Event: 3.201 loading class org/springframework/beans/factory/annotation/RequiredAnnotationBeanPostProcessor
Event: 3.201 loading class org/springframework/beans/factory/annotation/RequiredAnnotationBeanPostProcessor done
Event: 3.202 loading class org/apache/catalina/mbeans/LocalStrings_en_US
Event: 3.202 loading class org/apache/catalina/mbeans/LocalStrings_en_US done
Event: 3.203 loading class org/springframework/context/annotation/CommonAnnotationBeanPostProcessor
Event: 3.203 loading class org/springframework/context/annotation/CommonAnnotationBeanPostProcessor done
Event: 3.203 loading class org/apache/catalina/mbeans/MBeanUtils
Event: 3.203 loading class org/apache/catalina/mbeans/MBeanUtils done


Dynamic libraries:
0x00007ff644830000 - 0x00007ff644867000 	C:\Program Files\Java\jdk1.8.0_181\bin\java.exe
0x00007fffa7a40000 - 0x00007fffa7c21000 	C:\WINDOWS\SYSTEM32\ntdll.dll
0x00007fffa6e60000 - 0x00007fffa6f12000 	C:\WINDOWS\System32\KERNEL32.DLL
0x00007fffa4bd0000 - 0x00007fffa4e43000 	C:\WINDOWS\System32\KERNELBASE.dll
0x00007fffa7300000 - 0x00007fffa73a1000 	C:\WINDOWS\System32\ADVAPI32.dll
0x00007fffa7420000 - 0x00007fffa74be000 	C:\WINDOWS\System32\msvcrt.dll
0x00007fffa6c70000 - 0x00007fffa6ccb000 	C:\WINDOWS\System32\sechost.dll
0x00007fffa6f20000 - 0x00007fffa7044000 	C:\WINDOWS\System32\RPCRT4.dll
0x00007fffa67c0000 - 0x00007fffa6950000 	C:\WINDOWS\System32\USER32.dll
0x00007fffa4a10000 - 0x00007fffa4a30000 	C:\WINDOWS\System32\win32u.dll
0x00007fffa70d0000 - 0x00007fffa70f8000 	C:\WINDOWS\System32\GDI32.dll
0x00007fffa4770000 - 0x00007fffa4902000 	C:\WINDOWS\System32\gdi32full.dll
0x00007fffa4ae0000 - 0x00007fffa4b7f000 	C:\WINDOWS\System32\msvcp_win.dll
0x00007fffa4910000 - 0x00007fffa4a0a000 	C:\WINDOWS\System32\ucrtbase.dll
0x00007fff95280000 - 0x00007fff954e9000 	C:\WINDOWS\WinSxS\amd64_microsoft.windows.common-controls_6595b64144ccf1df_6.0.17134.228_none_fb4599993062b194\COMCTL32.dll
0x00007fffa5040000 - 0x00007fffa5363000 	C:\WINDOWS\System32\combase.dll
0x00007fffa4e50000 - 0x00007fffa4eca000 	C:\WINDOWS\System32\bcryptPrimitives.dll
0x00007fffa69d0000 - 0x00007fffa69fd000 	C:\WINDOWS\System32\IMM32.DLL
0x0000000065f70000 - 0x0000000066042000 	C:\Program Files\Java\jdk1.8.0_181\jre\bin\msvcr100.dll
0x00000000656c0000 - 0x0000000065f62000 	C:\Program Files\Java\jdk1.8.0_181\jre\bin\server\jvm.dll
0x00007fffa74c0000 - 0x00007fffa74c8000 	C:\WINDOWS\System32\PSAPI.DLL
0x00007fff96700000 - 0x00007fff96709000 	C:\WINDOWS\SYSTEM32\WSOCK32.dll
0x00007fff96fa0000 - 0x00007fff96fc3000 	C:\WINDOWS\SYSTEM32\WINMM.dll
0x00007fffa73b0000 - 0x00007fffa741c000 	C:\WINDOWS\System32\WS2_32.dll
0x00007fff96f00000 - 0x00007fff96f0a000 	C:\WINDOWS\SYSTEM32\VERSION.dll
0x00007fff96f70000 - 0x00007fff96f9a000 	C:\WINDOWS\SYSTEM32\WINMMBASE.dll
0x00007fffa4b80000 - 0x00007fffa4bc9000 	C:\WINDOWS\System32\cfgmgr32.dll
0x00000000656b0000 - 0x00000000656bf000 	C:\Program Files\Java\jdk1.8.0_181\jre\bin\verify.dll
0x0000000065680000 - 0x00000000656a9000 	C:\Program Files\Java\jdk1.8.0_181\jre\bin\java.dll
0x0000000065660000 - 0x0000000065676000 	C:\Program Files\Java\jdk1.8.0_181\jre\bin\zip.dll
0x00007fffa5370000 - 0x00007fffa67b0000 	C:\WINDOWS\System32\SHELL32.dll
0x00007fffa6bc0000 - 0x00007fffa6c69000 	C:\WINDOWS\System32\shcore.dll
0x00007fffa3e10000 - 0x00007fffa451d000 	C:\WINDOWS\System32\windows.storage.dll
0x00007fffa7100000 - 0x00007fffa7151000 	C:\WINDOWS\System32\shlwapi.dll
0x00007fffa3df0000 - 0x00007fffa3e01000 	C:\WINDOWS\System32\kernel.appcore.dll
0x00007fffa3d80000 - 0x00007fffa3d9f000 	C:\WINDOWS\System32\profapi.dll
0x00007fffa3da0000 - 0x00007fffa3dec000 	C:\WINDOWS\System32\powrprof.dll
0x00007fffa3d70000 - 0x00007fffa3d7a000 	C:\WINDOWS\System32\FLTLIB.DLL
0x0000000065640000 - 0x000000006565a000 	C:\Program Files\Java\jdk1.8.0_181\jre\bin\net.dll
0x00007fffa3570000 - 0x00007fffa35d6000 	C:\WINDOWS\system32\mswsock.dll
0x00007fffa32f0000 - 0x00007fffa3328000 	C:\WINDOWS\SYSTEM32\IPHLPAPI.DLL
0x00007fffa67b0000 - 0x00007fffa67b8000 	C:\WINDOWS\System32\NSI.dll
0x00007fff9aca0000 - 0x00007fff9acb6000 	C:\WINDOWS\SYSTEM32\dhcpcsvc6.DLL
0x00007fff9ccd0000 - 0x00007fff9ccea000 	C:\WINDOWS\SYSTEM32\dhcpcsvc.DLL
0x00007fffa3330000 - 0x00007fffa33ee000 	C:\WINDOWS\SYSTEM32\DNSAPI.dll
0x00007fff99ce0000 - 0x00007fff99cea000 	C:\Windows\System32\rasadhlp.dll
0x00007fff9a370000 - 0x00007fff9a3e2000 	C:\WINDOWS\System32\fwpuclnt.dll
0x00007fffa38b0000 - 0x00007fffa38d5000 	C:\WINDOWS\SYSTEM32\bcrypt.dll
0x0000000065610000 - 0x000000006561d000 	C:\Program Files\Java\jdk1.8.0_181\jre\bin\management.dll
0x00007fff9f8c0000 - 0x00007fff9f8d6000 	C:\WINDOWS\system32\napinsp.dll
0x00007fff9df60000 - 0x00007fff9df7a000 	C:\WINDOWS\system32\pnrpnsp.dll
0x00007fff9d610000 - 0x00007fff9d629000 	C:\WINDOWS\system32\NLAapi.dll
0x00007fff9f6f0000 - 0x00007fff9f6fe000 	C:\WINDOWS\System32\winrnr.dll
0x00007fff9d160000 - 0x00007fff9d175000 	C:\WINDOWS\System32\wshbth.dll

VM Arguments:
jvm_args: -Dfile.encoding=windows-1252 -Duser.country=US -Duser.language=en -Duser.variant 
java_command: org.meghraj.docker.samples.Application
java_class_path (initial): C:\Chandra\.babun\cygwin\home\acsek\chandra\microservice-docker\spring-boot-app\build\classes\java\main;C:\Chandra\.babun\cygwin\home\acsek\chandra\microservice-docker\spring-boot-app\build\resources\main;C:\Users\acsek\.gradle\caches\modules-2\files-2.1\org.apache.commons\commons-lang3\3.3.2\90a3822c38ec8c996e84c16a3477ef632cbc87a3\commons-lang3-3.3.2.jar;C:\Users\acsek\.gradle\caches\modules-2\files-2.1\org.springframework.cloud\spring-cloud-starter-eureka\1.3.1.RELEASE\3a0534aeef77a17a4c1b5358facebe8e7d17015a\spring-cloud-starter-eureka-1.3.1.RELEASE.jar;C:\Users\acsek\.gradle\caches\modules-2\files-2.1\org.springframework.boot\spring-boot-starter-web\1.5.4.RELEASE\5d6c554f34b20dffcbdfc7edf9b80956e2dace\spring-boot-starter-web-1.5.4.RELEASE.jar;C:\Users\acsek\.gradle\caches\modules-2\files-2.1\org.springframework.boot\spring-boot-starter-actuator\1.5.4.RELEASE\10f526d22f58a32a8c3af26ccb0a6f16f4649935\spring-boot-starter-actuator-1.5.4.RELEASE.jar;C:\Users\acsek\.gradle\caches\modules-2\files-2.1\org.springframework.boot\spring-boot-actuator\1.5.4.RELEASE\6fed8833ba044e22a2924f8fe70db4f126be7489\spring-boot-actuator-1.5.4.RELEASE.jar;C:\Users\acsek\.gradle\caches\modules-2\files-2.1\org.springframework.cloud\spring-cloud-starter-ribbon\1.3.1.RELEASE\9189ce8f21ff7c6404cee972210dfb3b0d524346\spring-cloud-starter-ribbon-1.3.1.RELEASE.jar;C:\Users\acsek\.gradle\caches\modules-2\files-2.1\org.springframework.cloud\spring-cloud-starter-archaius\1.3.1.RELEASE\15433d72b9b44d653e8520dea0cc66a37a52fcb8\spring-cloud-starter-archaius-1.3.1.RELEASE.jar;C:\Users\acsek\.gradle\caches\modules-2\files-2.1\com.netflix.eureka\eureka-core\1.6.2\8a8a7dbd1bc4f119f50f11d59b95383b5db6a587\eureka-core-1.6.2.jar;C:\Users\acsek\.gradle\caches\modules-2\files-2.1\com.netflix.ribbon\ribbon-eureka\2.2.2\3698abea929c7e869587b1c3557148a2958f24c3\ribbon-eureka-2.2.2.jar;C:\Users\acsek\.gradle\caches\modules-2\files-2.1\com.netflix.eureka\eureka-client\1.6.2\632cc9b08c
Launcher Type: SUN_STANDARD

Environment Variables:
CLASSPATH=C:\Chandra\.babun\cygwin\home\acsek\chandra\microservice-docker\spring-boot-app\\gradle\wrapper\gradle-wrapper.jar
PATH=C:\Program Files (x86)\Common Files\Oracle\Java\javapath;C:\Program Files (x86)\Intel\iCLS Client\;C:\Program Files\Microsoft MPI\Bin\;C:\Program Files\Intel\iCLS Client\;C:\WINDOWS\system32;C:\WINDOWS;C:\WINDOWS\System32\Wbem;C:\WINDOWS\System32\WindowsPowerShell\v1.0\;C:\Program Files\Microsoft SQL Server\130\Tools\Binn\;C:\Program Files\dotnet\;C:\Program Files\Anaconda3;C:\Program Files\Anaconda3\Scripts;C:\Program Files\Anaconda3\Library\bin;C:\Program Files (x86)\GtkSharp\2.12\bin;C:\Program Files (x86)\IVI Foundation\VISA\WinNT\Bin;C:\Program Files\PuTTY\;C:\Program Files (x86)\Intel\Intel(R) Management Engine Components\DAL;C:\Program Files\Intel\Intel(R) Management Engine Components\DAL;C:\Program Files (x86)\Intel\Intel(R) Management Engine Components\IPT;C:\Program Files\Intel\Intel(R) Management Engine Components\IPT;C:\WINDOWS\System32\OpenSSH\;C:\Program Files\Intel\WiFi\bin\;C:\Program Files\Common Files\Intel\WirelessCommon\;C:\Program Files\Git\cmd;C:\Users\acsek\AppData\Local\Microsoft\WindowsApps;;c:\Chandra\.babun;C:\Program Files\Docker Toolbox
USERNAME=acsek
OS=Windows_NT
PROCESSOR_IDENTIFIER=Intel64 Family 6 Model 142 Stepping 9, GenuineIntel



---------------  S Y S T E M  ---------------

OS: Windows 10.0 , 64 bit Build 17134 (10.0.17134.1)

CPU:total 4 (initial active 4) (2 cores per cpu, 2 threads per core) family 6 model 142 stepping 9, cmov, cx8, fxsr, mmx, sse, sse2, sse3, ssse3, sse4.1, sse4.2, popcnt, avx, avx2, aes, clmul, erms, 3dnowpref, lzcnt, ht, tsc, tscinvbit, bmi1, bmi2, adx

Memory: 4k page, physical 16655996k(1490028k free), swap 27460732k(4132k free)

vm_info: Java HotSpot(TM) 64-Bit Server VM (25.181-b13) for windows-amd64 JRE (1.8.0_181-b13), built on Jul  7 2018 04:01:33 by "java_re" with MS VC++ 10.0 (VS2010)

time: Sun Sep 02 14:07:53 2018
elapsed time: 3 seconds (0d 0h 0m 3s)

